[releaf.site/index.html]
[releaf.site/sites/default/files/releaf_0.png]
[backblue.gif]
[fade.gif]
[index.html]
[releaf.site/sites/default/files/css/css_j4omL3C93GN79FU5xJx44m16U0WtyotqeRI0Ng5TNz8.css]
[releaf.site/sites/default/files/css/css_9QPfYphAc7HsA7njcs4eXJvikq5_V-oQQghASis-iq0.css]
[releaf.site/sites/default/files/css/css_zVpzrJx28qZ4S-UpopMPFKbQ7u_lHMFkQlenKLMPFfQ.css]
[releaf.site/sites/default/files/js/js_Y151moVVESM9BeoCt8M3cSJ2_x_o14H43dXy6nGL6JM.js]
[releaf.site/solarpunk-fiction/trash-magic-eco-revolution-austins-cityscape/200.html]
[releaf.site/sites/default/files/styles/large/public/img/IMG_761205aa.jpg]
[releaf.site/solarpunk-fiction/releaf-retrospective-2026/250.html]
[releaf.site/sites/default/files/styles/large/public/img/DALL·E 2023-06-13 04.14.007f30.png]
[releaf.site/solarpunk-fiction/beyond-vision-pro-austins-e-waste-triumph-ar-landscape/107.html]
[releaf.site/sites/default/files/styles/large/public/img/IMG_7172_Original9f00.jpg]
[releaf.site/imac/141.html]
[releaf.site/digital-deception/145.html]
[releaf.site/food-abundance/40.html]
[releaf.site/urban-delivery/144.html]
[releaf.site/ephemeralization/10.html]
[releaf.site/conscious-eating/138.html]
[releaf.site/hollys-whoville/183.html]
[releaf.site/sites/default/files/js/js_02qrW4fFNGua7RBaXlvuXQFOgXyxGlIlFU6gVEBbynM.js]
[releaf.site/sites/default/files/asset_injector/js/nodes-1e4a563b7ddfd826d9a8de610ab446753899.js]
[releaf.site/sites/default/files/js/js_OteFppL965fUlwAPVOLFfEYp40BS4j-xNbFCubTBcfo.js]
[releaf.site/index.html]
[releaf.site/sites/default/files/css/css_j4omL3C93GN79FU5xJx44m16U0WtyotqeRI0Ng5TNz8.css]
[releaf.site/sites/default/files/css/css_zVpzrJx28qZ4S-UpopMPFKbQ7u_lHMFkQlenKLMPFfQ.css]
[releaf.site/sites/default/files/css/css_9QPfYphAc7HsA7njcs4eXJvikq5_V-oQQghASis-iq0.css]
[releaf.site/sites/default/files/js/js_Y151moVVESM9BeoCt8M3cSJ2_x_o14H43dXy6nGL6JM.js]
[releaf.site/sites/default/files/css/css_ghAJD8vollaoG8ds_WZpziwcoR2zfYZgta1q5B0k6Ic.css]
[releaf.site/sites/default/files/css/css_0lrt_xtbODDrjaKSvKu3po0HQfnC-AaUAXdrn3M1uuQ.css]
[releaf.site/solarpunk-fiction.html]
[releaf.site/sites/default/files/img/IMG_7612.jpg]
[releaf.site/sites/default/files/styles/dalle/public/img/IMG_7612b417.jpg]
[releaf.site/user/1.html]
[releaf.site/trash-magic/125.html]
[releaf.site/geometron/49.html]
[releaf.site/upcycling/140.html]
[releaf.site/scalable-sustainability/8.html]
[releaf.site/prison-abolition/54.html]
[releaf.site/vertical-garden/18.html]
[releaf.site/releaf/17.html]
[releaf.site/square/150.html]
[releaf.site/solarpunk-fiction/trash-magic-eco-revolution-austins-cityscape/200.html]
[releaf.site/sites/default/files/img/DALL·E 2023-06-13 04.14.00.png]
[releaf.site/sites/default/files/styles/dalle/public/img/DALL·E 2023-06-13 04.14.0036b9.png]
[releaf.site/future-austin/33.html]
[releaf.site/cooperative/57.html]
[releaf.site/project-prototyping/13.html]
[releaf.site/solarpunk-fiction/releaf-retrospective-2026/250.html]
[releaf.site/sites/default/files/img/IMG_7172_Original.jpg]
[releaf.site/sites/default/files/styles/dalle/public/img/IMG_7172_Original0a84.jpg]
[releaf.site/waste/52.html]
[releaf.site/solarpunk-fiction/beyond-vision-pro-austins-e-waste-triumph-ar-landscape/107.html]
[releaf.site/sites/default/files/css/css_dKnZrT1jxE2vfg9W7MrVauVCiGifX7XwmI7ko8Eoxic.css]
[releaf.site/sites/default/files/img/DALL·E 2023-06-13 07.09.30 - SolarPunk style Biomimicry & Fractals_ Magic for Plants. people of all ages walk near verdant towers.png]
[releaf.site/solarpunk-fiction/healing-path-imacs-upcycling-and-unexpected-joy-trauma-centers/190.html]
[releaf.site/sites/default/files/js/js_hH6t0r61XQjyAuI69NCZIzFH7pon1A81A-XGO4NqCEs.js]
[releaf.site/imac/141.html]
[releaf.site/sites/default/files/img/IMG_7655.jpg]
[releaf.site/article/releafs-transparency-beacon-amidst-fog-deception/194.html]
[releaf.site/digital-deception/145.html]
[releaf.site/solarpunk-fiction/floral-whispers-austins-secret-garden-urban-art/31.html]
[releaf.site/solarpunk-fiction/hyperlocal-harvests-and-rise-discerning-diner/29.html]
[releaf.site/food-abundance/40.html]
[releaf.site/solarpunk-fiction/shifting-gears-releafs-greenspeed-streets-austin/192.html]
[releaf.site/urban-delivery/144.html]
[releaf.site/article/my-thoughts-planters-music-media-releaf/33.html]
[releaf.site/user/2.html]
[releaf.site/ephemeralization/10.html]
[releaf.site/article/empowering-vegan-values-releafs-cooperative-ownership-model/188.html]
[releaf.site/conscious-eating/138.html]
[releaf.site/sites/default/files/css/css_Qz471S1q1TDUc9WahmT5pT3FUHHD3j-FlI4iMZWd6eI.css]
[releaf.site/sites/default/files/css/css_UUT5jDH54yu6WA5djyQAe8fKFwrOUVXwPYEHKohCLMg.css]
[releaf.site/sites/default/files/js/js_75anR7GJmxpfsG2Nj3DupQmCXnEpAKOYp6uIWLpke_k.js]
[releaf.site/sites/default/files/js/js_kxrbX-Ejhr4miQ4Df2tClW3HK93t-5SGZsVtjCiWmYk.js]
[releaf.site/hollys-whoville/183.html]
[releaf.site/sites/default/files/js/js_02qrW4fFNGua7RBaXlvuXQFOgXyxGlIlFU6gVEBbynM.js]
[releaf.site/sites/default/files/asset_injector/js/nodes-1e4a563b7ddfd826d9a8de610ab446753899.js]
[releaf.site/sites/default/files/js/js_OteFppL965fUlwAPVOLFfEYp40BS4j-xNbFCubTBcfo.js]
[releaf.site/sites/default/files/css/css_ghAJD8vollaoG8ds_WZpziwcoR2zfYZgta1q5B0k6Ic.css]
[releaf.site/sites/default/files/css/css_0lrt_xtbODDrjaKSvKu3po0HQfnC-AaUAXdrn3M1uuQ.css]
[releaf.site/sites/default/files/img/IMG_6430_Original.jpg]
[releaf.site/solarpunk-fiction/releafs-resonance-austin-symphony/258.html]
[releaf.site/article/solarpunk-narratives-and-architectural-symphonies-chthulucene/256.html]
[releaf.site/solarpunk-fiction/zilker-park-symbol-community-and-inclusivity-austin/247.html]
[releaf.site/solarpunk-fiction/discover-austins-sustainable-and-creative-urban-landscape/245.html]
[releaf.site/solarpunk-fiction/unveiling-austins-sustainable-living-bridge-vertiflow-system/236.html]
[releaf.site/solarpunk-fiction/wick-ed-vertiflow-transforming-austins-concrete-creeks-urban-gardens/235.html]
[releaf.site/article/releaf-imagining-solarpunk-futures-where-reality-and-narrative-collide/232.html]
[releaf.site/article/releaf-and-future/230.html]
[releaf.site/solarpunk-fiction/democratic-leaders-dispatch-medical-teams-texas-mexico-border/217.html]
[releaf.site/solarpunk-fiction/vertical-garden-fairs-new-norm-austin-schools-fostering-sustainability-and-creativity/206.html]
[releaf.site/article/releaf-answer-homelessness-through-scalable-employment-and-community-engagement/198.html]
[releaf.site/solarpunk-fiction/vertical-green-law-austins-radical-green-revolution/186.html]
[releaf.site/solarpunk-fiction/seeds-stories-day-central/155.html]
[releaf.site/user/4.html]
[releaf.site/solarpunk-fiction/harvesting-hope-tale-releaf-austin/154.html]
[releaf.site/solarpunk-fiction/unseen-energy/153.html]
[releaf.site/solarpunk-fiction/nightfall-silicon-hills/152.html]
[releaf.site/solarpunk-fiction/skies-anarchy/151.html]
[releaf.site/solarpunk-fiction/journey-juggernaut/150.html]
[releaf.site/solarpunk-fiction/minions-mavens/149.html]
[releaf.site/solarpunk-fiction/hive-minds-and-fireflies/148.html]
[releaf.site/solarpunk-fiction/journey-heart-wired/147.html]
[releaf.site/solarpunk-fiction/ashes-phoenix-rises/146.html]
[releaf.site/solarpunk-fiction/bite-future/145.html]
[releaf.site/solarpunk-fiction/whispers-forgotten/144.html]
[releaf.site/solarpunk-fiction/rebirth-electronic-ghosts/143.html]
[releaf.site/solarpunk-fiction/great-projects-serendipities/142.html]
[releaf.site/solarpunk-fiction/eastward-echoes/141.html]
[releaf.site/solarpunk-fiction/frequency-fireflies/140.html]
[releaf.site/solarpunk-fiction/underneath-centrals-frequency/139.html]
[releaf.site/solarpunk-fiction/frequency-central/138.html]
[releaf.site/solarpunk-fiction/emerald-refuge/137.html]
[releaf.site/solarpunk-fiction/seed-skyline-austins-solarpunk-revolution/136.html]
[releaf.site/article/releaf-pioneering-solarpunk-future-through-creative-urban-greenery/135.html]
[releaf.site/solarpunk-fiction/solarpunk-inspiring-sustainable-future-through-initiatives-releaf-and-life-story/132.html]
[releaf.site/solarpunk-fiction/alien-tech-or-advanced-gardening-releafs-biostack-receives-solar-power-space/130.html]
[releaf.site/solarpunk-fiction/height-urban-jungle-garden-grows-releafs-biostack-sets-scene/129.html]
[releaf.site/solarpunk-fiction/releaf-unveils-biostack-vertical-garden-revolutionizing-urban-spaces-austin/128.html]
[releaf.site/article/cabbage-patch-kids-releaf-journey-unique-narratives-and-personalized-product-love/126.html]
[releaf.site/solarpunk-fiction/shadows-over-austin-tale-neural-innovation-and-upcycled-mystery/125.html]
[releaf.site/solarpunk-fiction/releaf-and-augmented-reality-future-urban-horticulture-austin/124.html]
[releaf.site/solarpunk-fiction/homemade-austin-style-strawbactus-wine/123.html]
[releaf.site/solarpunk-fiction/austins-light-rail-system-self-watering-air-purifying-living-walls/122.html]
[releaf.site/solarpunk-fiction/releafs-pioneering-concept-evolving-copyright-copy/119.html]
[releaf.site/solarpunk-fiction/green-narrative-how-releafs-bio-mimicry-cms-reshaping-austins-reality-and-fiction/118.html]
[releaf.site/solarpunk-fiction/reality-meets-fiction-releafs-bio-mimicry-approach-blending-physical-installations-storytelling/117.html]
[releaf.site/solarpunk-fiction/green-controversy-delivery-zones-garden-city/116.html]
[releaf.site/solarpunk-fiction/urban-eden-releaf-guide-vertical-gardening-silver-anniversary-edition/115.html]
[releaf.site/solarpunk-fiction/shadows-fuller-dome/114.html]
[releaf.site/solarpunk-fiction/greenspeed-requiem-lynchian-odyssey-through-veins-austin/113.html]
[releaf.site/solarpunk-fiction/biostack-chronicles-green-grey-city/112.html]
[releaf.site/solarpunk-fiction/botanic-bike-and-journey-urban-regeneration/111.html]
[releaf.site/solarpunk-fiction/sprouting-skyscrapers-austins-hyperseed-driven-waste-revolution/110.html]
[releaf.site/solarpunk-fiction/talking-parrots-and-timekeeping-shadows-fuller-domes-quirky-spring-debut/109.html]
[releaf.site/solarpunk-fiction/council-gives-initial-approval-releafs-redevelopment-east-austin-dairy-plant-vertical-gardens/108.html]
[releaf.site/solarpunk-fiction/embracing-tech-caution-releaf-approach-inspired-luddite-literature/104.html]
[releaf.site/solarpunk-fiction/geometron-and-geometry-transformation-austins-path-sustainable-innovation/97.html]
[releaf.site/solarpunk-fiction/austins-geometric-renaissance/96.html]
[releaf.site/solarpunk-fiction/unearthing-mystery-austins-vertical-gardens-and-billboard-rocks/95.html]
[releaf.site/solarpunk-fiction/finding-inspiration-solarpunk-futures-releafs-vision/90.html]
[releaf.site/solarpunk-fiction/layers-memory-crying-lot-49-and-releafs-waste/87.html]
[releaf.site/solarpunk-fiction/slide-loop-solarpunk-parable/86.html]
[releaf.site/solarpunk-fiction/paving-solarpunk-path-e-waste-reuse/85.html]
[releaf.site/solarpunk-fiction/e-waste-alchemist-part-1/84.html]
[releaf.site/solarpunk-fiction/releafs-interactive-vertical-gardens-merging-storytelling-community-engagement-and-sustainability/83.html]
[releaf.site/solarpunk-fiction/celebrating-20-years-releaf-austin-green-revolution-catalog/70.html]
[releaf.site/solarpunk-fiction/flame-alphabet-releaf-and-waste-environment-crafting-balanced-narrative/62.html]
[releaf.site/solarpunk-fiction/unveiling-layers-connection-crying-lot-49-and-releafs-waste/56.html]
[releaf.site/solarpunk-fiction/pages-fiskadoro-augmented-reality-austin-literary-journey-releaf/55.html]
[releaf.site/solarpunk-fiction/shadows-harmony-solarpunk-tale-unity-and-choice/47.html]
[releaf.site/solarpunk-fiction/2b-or-not-2b-unexpected-twist/46.html]
[releaf.site/solarpunk-fiction/day-life-releaf-member-owner/40.html]
[releaf.site/article/blurring-reality-and-fantasy-intersection-gaming-literature-and-income-streams/39.html]
[releaf.site/solarpunk-fiction/2046-cube-reappears/38.html]
[releaf.site/article/imagination-and-growth-how-releaf-blending-fiction-and-reality/34.html]
[releaf.site/solarpunk-fiction/verdant-standoff-green-maverick-challenges-state-texas/30.html]
[releaf.site/solarpunk-fiction/under-bridge-new-dawn/7.html]
[releaf.site/solarpunk-fiction.html]
[releaf.site/sites/default/files/css/css_0wxyaEuBVGSb5cejFa5-eI6uT7rZb97f7AT2ZAR3XVQ.css]
[releaf.site/user/1/activity.html]
[releaf.site/article/who-owns-green-future-merging-laniers-data-dignity-releafs-eco-innovation/2.html]
[releaf.site/article/libraries-vertical-gardens-evolution-shared-resources-and-role-releaf/3.html]
[releaf.site/article/lessons-releaf-can-learn-mondragon-cooperative-model/4.html]
[releaf.site/article/livable-affordable-cities-vienna-vs-austin/5.html]
[releaf.site/article/resonating-sustainability-one-releaf-story-austin-city-limits/8.html]
[releaf.site/article/releaf-cultivating-sustainable-retirement-amid-decline-traditional-pensions/9.html]
[releaf.site/article/slam-dunking-zero-waste-2040-challenge-releafs-plan-greener-austin/10.html]
[releaf.site/article/how-releaf-acts-fractal-circular-economy/11.html]
[releaf.site/solarpunk-fiction/strumming-strings-sustainability-releaf-story/12.html]
[releaf.site/solarpunk-fiction/freedom-frameworks-jays-journey-incarceration-innovation/13.html]
[releaf.site/solarpunk-fiction/2036-looking-back/14.html]
[releaf.site/solarpunk-fiction/nuts-austins-bumper-crop-2040/15.html]
[releaf.site/solarpunk-fiction/unplugged-and-tour-how-one-musician-found-harmony-releaf/16.html]
[releaf.site/article/growing-profits-airbnb-vertical-farming-and-how-releaf-reinventing-your-living-space/17.html]
[releaf.site/solarpunk-fiction/voice-oak-how-austins-treaty-oak-speaks-global-conservation-and-peace/18.html]
[releaf.site/solarpunk-fiction/moss-media-austins-living-fashion-revolution-verdevogue/19.html]
[releaf.site/article/rooted-fairness-why-releafs-organic-scaling-outshines-pyramid-schemes-mlms-and-traditional/20.html]
[releaf.site/solarpunk-fiction/planting-roots-naturalization-day-austin-central-library/21.html]
[releaf.site/user/12679.html]
[releaf.site/sites/default/files/js/js_IR86T3xZ8fkg9aRzWbKcbNs1tU4y5B01WK2xVVJhnPg.js]
[releaf.site/sites/default/files/js/js_DF9BdfIRYfFYMqQD2dVtJUGYOnEcEFRFTYQ14oWMBx8.js]
[releaf.site/user/1.html]
[releaf.site/book/geometron.html]
[releaf.site/solarpunk-fiction/trash-magic-revolutionizing-music-distribution/173.html]
[releaf.site/solarpunk-fiction/trash-magic-free-music-distribution-network-independent-artists/170.html]
[releaf.site/trash-magic/125.html]
[releaf.site/sites/default/files/img/IMG_7629.jpg]
[releaf.site/geometron/49.html]
[releaf.site/sites/default/files/img/IMG_7464.jpg]
[releaf.site/how-to/building-your-own-vertiflow-vertical-garden-using-residential-waste/267.html]
[releaf.site/how-to/utilize-batman-adv-send-updates-remote-access-points/273.html]
[releaf.site/solarpunk-fiction/releaf-and-upcycled-computers-revolutionizing-urban-agriculture-austin-texas/262.html]
[releaf.site/article/releafs-vertical-gardens-affordable-and-sustainable-alternative-expensive-hedge-walls/252.html]
[releaf.site/article/releaf-and-fashion-waste-conundrum-scalable-solution/208.html]
[releaf.site/how-to/7-creative-ways-repurpose-household-waste-planters/202.html]
[releaf.site/upcycling/140.html]
[releaf.site/article/embracing-sustainability-lessons-isla-holbox/266.html]
[releaf.site/article/vertical-gardens-harnessing-rainwater-through-natures-design/254.html]
[releaf.site/solarpunk-fiction/building-vertiflow-system-symbol-resilience-and-community/251.html]
[releaf.site/article/releaf-championing-anti-consumerism-through-innovative-urban-gardening/249.html]
[releaf.site/solarpunk-fiction/releafs-pecan-initiative-spurring-urban-greening-austin-and-beyond/234.html]
[releaf.site/article/releaf-promotes-mycology-sustainable-urban-greening/226.html]
[releaf.site/article/releaf-revolutionizing-urban-sustainability-through-vertical-gardens-and-waste-management/222.html]
[releaf.site/article/potential-green-futures-lessons-small-gritty-and-green-and-releaf-initiative/218.html]
[releaf.site/article/nature-inspired-innovation-releaf-biomimicry-and-fractals-vertical-gardens/215.html]
[releaf.site/solarpunk-fiction/releafs-innovative-approach-austins-model-resiliency-against-el-nino/184.html]
[releaf.site/solarpunk-fiction/releaf-cooperative-brings-sustainable-gardens-austin-elementary-schools/182.html]
[releaf.site/solarpunk-fiction/creating-austins-first-rainforest-vision-ecologist-nora-sanchez/180.html]
[releaf.site/article/releaf-sustainable-democratic-alternative-oligarchic-corruption/178.html]
[releaf.site/article/empathy-interviews-and-lean-co-op-business-planning-canvas-building-equitable-systems-sustainable/88.html]
[releaf.site/article/windows-wonders-transforming-post-war-colossals-vertical-gardens/32.html]
[releaf.site/scalable-sustainability/8.html]
[releaf.site/article/releaf-innovative-approach-end-hunger-and-foster-sustainable-communities-austin-2030/43.html]
[releaf.site/prison-abolition/54.html]
[releaf.site/how-to/no-waste/269.html]
[releaf.site/solarpunk-fiction/releaf-and-austins-remarkable-transformation-era-cleaner-waterways-through-vertical-gardens/268.html]
[releaf.site/article/releaf-vertical-gardens-sanctuary-gentle-gardening-and-storytelling/264.html]
[releaf.site/article/releaf-revolutionizing-austins-waste-problem-through-vertical-gardening/261.html]
[releaf.site/solarpunk-fiction/releafs-vertical-gardens-nurturing-stories-through-comprehensive-life-story-metadata/259.html]
[releaf.site/solarpunk-fiction/releaf-sustainable-architecture-redefining-urban-landscapes-biobricks/244.html]
[releaf.site/solarpunk-fiction/releaf-revolution-urban-green-cooperatives/241.html]
[releaf.site/solarpunk-fiction/releafs-vertical-gardens-bird-friendly-habitat-urban-spaces/229.html]
[releaf.site/article/revolutionizing-urban-greenery-releafs-fabric-wick-vertical-gardens/225.html]
[releaf.site/solarpunk-fiction/releafs-vertical-gardens-bring-back-ivory-billed-woodpecker-austin/224.html]
[releaf.site/solarpunk-fiction/releafs-vertical-gardens-innovative-solution-urban-air-pollution/213.html]
[releaf.site/how-to/setting-vertical-garden-drupal-commerce-product-types-variations/212.html]
[releaf.site/how-to/diy-guide-upcycling-aluminum-cans-modular-planters/204.html]
[releaf.site/article/building-confidence-and-self-awareness-vertical-gardening/134.html]
[releaf.site/how-to/diy-guide-constructing-vertical-garden-upcycled-materials/120.html]
[releaf.site/how-to/essential-components-wicking-irrigation-system/77.html]
[releaf.site/article/vertical-garden-essentials/60.html]
[releaf.site/article/water-towers-and-circular-economy/44.html]
[releaf.site/article/open-letter/37.html]
[releaf.site/article/2023-austin-circular-economy-showcase/36.html]
[releaf.site/vertical-garden/18.html]
[releaf.site/article/releaf-creating-local-employment-skills-development-and-green-entrepreneurship/243.html]
[releaf.site/solarpunk-fiction/solarpunk-festival-austins-creative-sustainable-and-community-driven-celebration/237.html]
[releaf.site/solarpunk-fiction/extraction-compensation-comparing-reddit-and-releafs-models-content-creators/233.html]
[releaf.site/article/accelerating-circular-economy-releaf-water-recirculation-and-velocity-money-austin/214.html]
[releaf.site/article/releaf-strategic-approach-sustainability-objectives/176.html]
[releaf.site/article/releaf-revolutionizing-data-dignity-and-equitable-logistics-austin/174.html]
[releaf.site/article/releaf-and-donna-parallel-innovations-cooperative-ownership-and-unique-storytelling/127.html]
[releaf.site/solarpunk-fiction/releafs-cooperative-model-solution-enshittification-digital-communities/121.html]
[releaf.site/solarpunk-fiction/releaf-and-green-revolution-waste-management/106.html]
[releaf.site/solarpunk-fiction/path-towards-transparency-and-shared-prosperity/102.html]
[releaf.site/solarpunk-fiction/releaf-shaping-future-business-transparency-innovation-and-mutually-beneficial-partnerships/101.html]
[releaf.site/article/membership-agreement-releaf/100.html]
[releaf.site/article/bylaw-design-releaf/99.html]
[releaf.site/solarpunk-fiction/releaf-embracing-fiction-recognizing-reality-and-crafting-desirable-future/92.html]
[releaf.site/article/closing-wealth-disparity-gap-through-innovative-ownership-design-lessons-taxation-and-releaf/91.html]
[releaf.site/article/empowering-and-upskilling-heartfelt-approach-addressing-homelessness-austin/89.html]
[releaf.site/article/designing-ownership-releaf/82.html]
[releaf.site/article/lean-co-op-ownership-model-canvas/81.html]
[releaf.site/article/lean-co-op-business-planning-canvas/80.html]
[releaf.site/article/startcoop-accelerator-application-responses/79.html]
[releaf.site/article/lessons-tomorrow-tomorrow-tomorrow/76.html]
[releaf.site/article/rewilding-urban-landscapes-synchronicity-and-releaf-model/73.html]
[releaf.site/article/planting-ideas-oblique-strategies-pathway-creative-breakthroughs/71.html]
[releaf.site/article/infinite-reflections-insights-godel-escher-bach-austins-releaf-initiative/66.html]
[releaf.site/solarpunk-fiction/lessons-pattern-language-and-timeless-way-building-austins-releaf-initiative/65.html]
[releaf.site/solarpunk-fiction/transcending-reality-lessons-rainbows-end-and-their-relevance-austins-releaf-initiative/64.html]
[releaf.site/article/building-green-unlocking-dormant-spaces-residual-income-releaf/63.html]
[releaf.site/solarpunk-fiction/dystopia-utopia-margaret-atwoods-madaddam-trilogy-and-releaf-solution/61.html]
[releaf.site/article/austins-zero-waste-initiative-releafs-role-citys-green-transformation/59.html]
[releaf.site/lyrics/upcycle-anthem/58.html]
[releaf.site/article/reflection-releafs-vision-and-ts-eliots-modernist-masterpiece-waste-land/54.html]
[releaf.site/article/blurring-boundaries-look-institute-and-releaf-initiative/50.html]
[releaf.site/article/what-are-some-techniques-environmentalism/48.html]
[releaf.site/article/releaf-waste-waste/45.html]
[releaf.site/solarpunk-fiction/day-life-part-2a/42.html]
[releaf.site/releaf/17.html]
[releaf.site/node/278.html]
[releaf.site/square/150.html]
[releaf.site/article/releaf-pioneering-solarpunk-principles-urban-green-cooperatives/242.html]
[releaf.site/solarpunk-fiction/extending-boyhood-austins-green-canopy-open-invitation-collaborate/53.html]
[releaf.site/article/matthew-mcconaugheys-stamp-austins-social-impact-scene-and-releaf-connection/52.html]
[releaf.site/article/sustainabilitys-moment-embracing-athens-vision-austins-releaf-initiative/49.html]
[releaf.site/future-austin/33.html]
[releaf.site/article/releafs-vertical-gardens-honoring-people-and-materials-through-life-story-metadata/220.html]
[releaf.site/solarpunk-fiction/releaf-slide-deck/103.html]
[releaf.site/article/how-releafs-cooperative-vertical-gardens-model-reshaping-urban-resilience-and-adaptation/72.html]
[releaf.site/article/harnessing-power-cooperatives-navigating-working-home-controversy/67.html]
[releaf.site/cooperative/57.html]
[releaf.site/project-prototyping/13.html]
[releaf.site/sites/default/files/img/IMG_7659.jpg]
[releaf.site/solarpunk-fiction/unraveling-austins-mystery-ancient-artifact-reveals-unexplainable-qr-code-historic-zilker-park/131.html]
[releaf.site/solarpunk-fiction/magicians-arrival/105.html]
[releaf.site/article/applying-self-help-principles-sustainability-look-releafs-impact-personal-growth-and-austins/98.html]
[releaf.site/solarpunk-fiction/hypercube-geometric-journey-realm-possibility/94.html]
[releaf.site/solarpunk-fiction/embracing-uncertainty-releafs-response-criticisms-generative-ai/93.html]
[releaf.site/how-to/embracing-sustainability-ebb-and-flow-irrigation/78.html]
[releaf.site/solarpunk-fiction/hello-master-tales-and-whispers-wind/68.html]
[releaf.site/solarpunk-fiction/waste/41.html]
[releaf.site/waste/52.html]
[releaf.site/sites/default/files/css/css_dKnZrT1jxE2vfg9W7MrVauVCiGifX7XwmI7ko8Eoxic.css]
[releaf.site/sites/default/files/img/IMG_7605.jpg]
[releaf.site/sites/default/files/styles/dalle/public/img/IMG_7605843d.jpg]
[releaf.site/hospital/139.html]
[releaf.site/tranquility/142.html]
[releaf.site/healing/143.html]
[releaf.site/music/4.html]
[releaf.site/solarpunk-fiction/healing-path-imacs-upcycling-and-unexpected-joy-trauma-centers/190.html]
[releaf.site/sites/default/files/js/js_hH6t0r61XQjyAuI69NCZIzFH7pon1A81A-XGO4NqCEs.js]
[releaf.site/sites/default/files/css/css_cXVunpV9uZV2PPQasNQRrtQ5l1-68ZNQxcQoIsuKw9E.css]
[releaf.site/sites/default/files/img/IMG_7610.jpg]
[releaf.site/sites/default/files/styles/dalle/public/img/IMG_7610dca8.jpg]
[releaf.site/storytelling/24.html]
[releaf.site/clandestine-collective/38.html]
[releaf.site/article/releafs-transparency-beacon-amidst-fog-deception/194.html]
[releaf.site/floral-whispers/34.html]
[releaf.site/public-art/35.html]
[releaf.site/ephemeral-art/36.html]
[releaf.site/natural-materials/37.html]
[releaf.site/life-story/39.html]
[releaf.site/historic-homelessness/41.html]
[releaf.site/youth-culture/43.html]
[releaf.site/solarpunk-fiction/floral-whispers-austins-secret-garden-urban-art/31.html]
[releaf.site/urban-greening/6.html]
[releaf.site/pecan/44.html]
[releaf.site/compost/45.html]
[releaf.site/historic-hunger/46.html]
[releaf.site/hyperlocal/47.html]
[releaf.site/solarpunk-fiction/hyperlocal-harvests-and-rise-discerning-diner/29.html]
[releaf.site/sites/default/files/img/IMG_7601.jpg]
[releaf.site/sites/default/files/styles/dalle/public/img/IMG_7601050a.jpg]
[releaf.site/greenspeed/94.html]
[releaf.site/solarpunk-fiction/shifting-gears-releafs-greenspeed-streets-austin/192.html]
[releaf.site/sites/default/files/img/IMG_7627.jpg]
[releaf.site/sites/default/files/styles/dalle/public/img/IMG_7627b61a.jpg]
[releaf.site/organic-media/1.html]
[releaf.site/trash-repurposing/2.html]
[releaf.site/botany/3.html]
[releaf.site/waste-integration/5.html]
[releaf.site/community-engagement/7.html]
[releaf.site/system-replication/9.html]
[releaf.site/container-gardening/11.html]
[releaf.site/mycoremediation/12.html]
[releaf.site/circular-economy/14.html]
[releaf.site/trails/50.html]
[releaf.site/article/my-thoughts-planters-music-media-releaf/33.html]
[releaf.site/user/2/activity.html]
[releaf.site/explain/trash-magic-mix-tape-free-music-sharing-better-world/171.html]
[releaf.site/user/2.html]
[releaf.site/sites/default/files/img/IMG_7560.png]
[releaf.site/sites/default/files/styles/dalle/public/img/IMG_756049b1.png]
[releaf.site/sustainable-business/131.html]
[releaf.site/veganism/137.html]
[releaf.site/environmental-engagement/22.html]
[releaf.site/article/empowering-vegan-values-releafs-cooperative-ownership-model/188.html]
[releaf.site/sites/default/files/css/css_Qz471S1q1TDUc9WahmT5pT3FUHHD3j-FlI4iMZWd6eI.css]
[releaf.site/sites/default/files/css/css_UUT5jDH54yu6WA5djyQAe8fKFwrOUVXwPYEHKohCLMg.css]
[releaf.site/sites/default/files/js/js_75anR7GJmxpfsG2Nj3DupQmCXnEpAKOYp6uIWLpke_k.js]
[releaf.site/sites/default/files/js/js_kxrbX-Ejhr4miQ4Df2tClW3HK93t-5SGZsVtjCiWmYk.js]
[releaf.site/sites/default/files/img/IMG_0027.jpg]
[releaf.site/sites/default/files/styles/dalle/public/img/IMG_0027cded.jpg]
[releaf.site/solarpunk-fiction/releafs-resonance-austin-symphony/258.html]
[releaf.site/sites/default/files/img/IMG_0034.jpg]
[releaf.site/sites/default/files/styles/dalle/public/img/IMG_0034dda9.jpg]
[releaf.site/literary-criticism/68.html]
[releaf.site/biomimicry/160.html]
[releaf.site/article/solarpunk-narratives-and-architectural-symphonies-chthulucene/256.html]
[releaf.site/sites/default/files/img/IMG_0043.jpg]
[releaf.site/sites/default/files/styles/dalle/public/img/IMG_00434054.jpg]
[releaf.site/zilker-park/101.html]
[releaf.site/immigration/148.html]
[releaf.site/solarpunk-fiction/zilker-park-symbol-community-and-inclusivity-austin/247.html]
[releaf.site/sites/default/files/img/IMG_0029.jpg]
[releaf.site/sites/default/files/styles/dalle/public/img/IMG_0029baba.jpg]
[releaf.site/solarpunk-fiction/discover-austins-sustainable-and-creative-urban-landscape/245.html]
[releaf.site/sites/default/files/img/IMG_0028.jpg]
[releaf.site/sites/default/files/styles/dalle/public/img/IMG_002884e1.jpg]
[releaf.site/solarpunk-fiction/unveiling-austins-sustainable-living-bridge-vertiflow-system/236.html]
[releaf.site/sites/default/files/img/6899E61D-4705-4FF4-9ADC-C35F43A71A92_Original.jpg]
[releaf.site/sites/default/files/styles/dalle/public/img/6899E61D-4705-4FF4-9ADC-C35F43A71A92_Originald3cd.jpg]
[releaf.site/strawbactus/51.html]
[releaf.site/solarpunk-fiction/wick-ed-vertiflow-transforming-austins-concrete-creeks-urban-gardens/235.html]
[releaf.site/sites/default/files/img/DALL·E 2023-06-13 07.11.03.png]
[releaf.site/sites/default/files/styles/dalle/public/img/DALL·E 2023-06-13 07.11.036ae8.png]
[releaf.site/article/releaf-imagining-solarpunk-futures-where-reality-and-narrative-collide/232.html]
[releaf.site/sites/default/files/img/IMG_6156_Original.png]
[releaf.site/sites/default/files/styles/dalle/public/img/IMG_6156_Originald81d.png]
[releaf.site/who-owns-future/165.html]
[releaf.site/article/releaf-and-future/230.html]
[releaf.site/sites/default/files/img/IMG_0053.jpg]
[releaf.site/sites/default/files/styles/dalle/public/img/IMG_0053f807.jpg]
[releaf.site/solarpunk-fiction/democratic-leaders-dispatch-medical-teams-texas-mexico-border/217.html]
[releaf.site/sites/default/files/img/IMG_7607.jpg]
[releaf.site/sites/default/files/styles/dalle/public/img/IMG_760760da.jpg]
[releaf.site/education/100.html]
[releaf.site/solarpunk-fiction/vertical-garden-fairs-new-norm-austin-schools-fostering-sustainability-and-creativity/206.html]
[releaf.site/sites/default/files/img/DALL·E 2023-06-13 07.07.59 - SolarPunk style Biomimicry & Fractals_ Magic for Plants. people of all ages walk near verdant towers.png]
[releaf.site/sites/default/files/styles/dalle/public/img/DALL·E 2023-06-13 07.09.30 - SolarPunk style Biomimicry & Fractals_ Magic for Plants. people of all ages walk near verdant towers70b9.png]
[releaf.site/sites/default/files/styles/dalle/public/img/DALL·E 2023-06-13 07.07.59 - SolarPunk style Biomimicry & Fractals_ Magic for Plants. people of all ages walk near verdant towers488e.png]
[releaf.site/climate-change/134.html]
[releaf.site/employment/149.html]
[releaf.site/article/releaf-answer-homelessness-through-scalable-employment-and-community-engagement/198.html]
[releaf.site/sites/default/files/img/00DD2952-DE9F-442B-988B-13D0EEC92C13.png]
[releaf.site/sites/default/files/styles/dalle/public/img/00DD2952-DE9F-442B-988B-13D0EEC92C136722.png]
[releaf.site/cultural-shift/23.html]
[releaf.site/solarpunk-fiction/vertical-green-law-austins-radical-green-revolution/186.html]
[releaf.site/sites/default/files/img/IMG_7626_0.jpg]
[releaf.site/sites/default/files/styles/dalle/public/img/IMG_7626_006b5.jpg]
[releaf.site/central.html]
[releaf.site/library/113.html]
[releaf.site/renewable-energy/114.html]
[releaf.site/guano/112.html]
[releaf.site/solarpunk-fiction/seeds-stories-day-central/155.html]
[releaf.site/user/4/activity.html]
[releaf.site/user/4.html]
[releaf.site/sites/default/files/img/IMG_0026.jpg]
[releaf.site/sites/default/files/styles/dalle/public/img/IMG_0026eb5c.jpg]
[releaf.site/echo/109.html]
[releaf.site/independent/110.html]
[releaf.site/shoal-creek.html]
[releaf.site/riley/111.html]
[releaf.site/solarpunk-fiction/harvesting-hope-tale-releaf-austin/154.html]
[releaf.site/sites/default/files/img/IMG_7617.jpg]
[releaf.site/sites/default/files/styles/dalle/public/img/IMG_7617baa4.jpg]
[releaf.site/solarpunk-fiction/unseen-energy/153.html]
[releaf.site/sites/default/files/img/IMG_7622.jpg]
[releaf.site/sites/default/files/styles/dalle/public/img/IMG_7622855d.jpg]
[releaf.site/solarpunk-fiction/nightfall-silicon-hills/152.html]
[releaf.site/sites/default/files/img/IMG_7633.jpg]
[releaf.site/solarpunk-fiction/skies-anarchy/151.html]
[releaf.site/sites/default/files/styles/dalle/public/img/IMG_763318ed.jpg]
[releaf.site/sites/default/files/img/IMG_7619.jpg]
[releaf.site/sites/default/files/styles/dalle/public/img/IMG_7619fb1b.jpg]
[releaf.site/solarpunk-fiction/journey-juggernaut/150.html]
[releaf.site/sites/default/files/img/IMG_7615.jpg]
[releaf.site/sites/default/files/styles/dalle/public/img/IMG_76154c72.jpg]
[releaf.site/solarpunk-fiction/minions-mavens/149.html]
[releaf.site/sites/default/files/styles/dalle/public/img/IMG_7629d104.jpg]
[releaf.site/solarpunk-fiction/hive-minds-and-fireflies/148.html]
[releaf.site/sites/default/files/img/IMG_7642.jpg]
[releaf.site/sites/default/files/styles/dalle/public/img/IMG_7642a768.jpg]
[releaf.site/solarpunk-fiction/journey-heart-wired/147.html]
[releaf.site/sites/default/files/img/IMG_7643.jpg]
[releaf.site/sites/default/files/styles/dalle/public/img/IMG_7643db53.jpg]
[releaf.site/solarpunk-fiction/ashes-phoenix-rises/146.html]
[releaf.site/sites/default/files/img/IMG_7641.jpg]
[releaf.site/sites/default/files/styles/dalle/public/img/IMG_764158fb.jpg]
[releaf.site/solarpunk-fiction/bite-future/145.html]
[releaf.site/sites/default/files/img/IMG_7648.jpg]
[releaf.site/sites/default/files/styles/dalle/public/img/IMG_764869e4.jpg]
[releaf.site/solarpunk-fiction/whispers-forgotten/144.html]
[releaf.site/sites/default/files/img/IMG_7644.jpg]
[releaf.site/sites/default/files/styles/dalle/public/img/IMG_76442264.jpg]
[releaf.site/solarpunk-fiction/rebirth-electronic-ghosts/143.html]
[releaf.site/sites/default/files/img/IMG_7640.jpg]
[releaf.site/sites/default/files/styles/dalle/public/img/IMG_76405030.jpg]
[releaf.site/solarpunk-fiction/great-projects-serendipities/142.html]
[releaf.site/sites/default/files/img/IMG_7645.jpg]
[releaf.site/sites/default/files/styles/dalle/public/img/IMG_7645310f.jpg]
[releaf.site/solarpunk-fiction/eastward-echoes/141.html]
[releaf.site/sites/default/files/img/IMG_7649.jpg]
[releaf.site/sites/default/files/styles/dalle/public/img/IMG_7649999a.jpg]
[releaf.site/solarpunk-fiction/frequency-fireflies/140.html]
[releaf.site/sites/default/files/img/IMG_7646.jpg]
[releaf.site/sites/default/files/styles/dalle/public/img/IMG_7646eb8f.jpg]
[releaf.site/solarpunk-fiction/underneath-centrals-frequency/139.html]
[releaf.site/sites/default/files/img/IMG_7648_0.jpg]
[releaf.site/sites/default/files/styles/dalle/public/img/IMG_7648_055e6.jpg]
[releaf.site/solarpunk-fiction/frequency-central/138.html]
[releaf.site/sites/default/files/styles/dalle/public/img/IMG_7659bbda.jpg]
[releaf.site/solarpunk-fiction/emerald-refuge/137.html]
[releaf.site/sites/default/files/img/IMG_7651.jpg]
[releaf.site/sites/default/files/styles/dalle/public/img/IMG_76515cd5.jpg]
[releaf.site/main-building/104.html]
[releaf.site/initiative/105.html]
[releaf.site/indeed-tower/106.html]
[releaf.site/oblique-strategies/77.html]
[releaf.site/solarpunk-fiction/seed-skyline-austins-solarpunk-revolution/136.html]
[releaf.site/sites/default/files/styles/dalle/public/img/IMG_76559f59.jpg]
[releaf.site/architectural-transformation/29.html]
[releaf.site/article/releaf-pioneering-solarpunk-future-through-creative-urban-greenery/135.html]
[releaf.site/sites/default/files/img/IMG_7658.jpg]
[releaf.site/sites/default/files/styles/dalle/public/img/IMG_7658ac2e.jpg]
[releaf.site/adaptive-reuse/28.html]
[releaf.site/solarpunk-fiction/solarpunk-inspiring-sustainable-future-through-initiatives-releaf-and-life-story/132.html]
[releaf.site/sites/default/files/img/IMG_7592.jpg]
[releaf.site/sites/default/files/styles/dalle/public/img/IMG_7592529e.jpg]
[releaf.site/solarpunk-fiction/alien-tech-or-advanced-gardening-releafs-biostack-receives-solar-power-space/130.html]
[releaf.site/sites/default/files/img/IMG_7662.jpg]
[releaf.site/sites/default/files/styles/dalle/public/img/IMG_76628b2d.jpg]
[releaf.site/biostack/96.html]
[releaf.site/solarpunk-fiction/height-urban-jungle-garden-grows-releafs-biostack-sets-scene/129.html]
[releaf.site/sites/default/files/img/IMG_7667.jpg]
[releaf.site/sites/default/files/styles/dalle/public/img/IMG_7667082b.jpg]
[releaf.site/solarpunk-fiction/releaf-unveils-biostack-vertical-garden-revolutionizing-urban-spaces-austin/128.html]
[releaf.site/sites/default/files/img/IMG_7668.jpg]
[releaf.site/sites/default/files/styles/dalle/public/img/IMG_7668961d.jpg]
[releaf.site/article/cabbage-patch-kids-releaf-journey-unique-narratives-and-personalized-product-love/126.html]
[releaf.site/sites/default/files/img/IMG_7665_0.jpg]
[releaf.site/sites/default/files/styles/dalle/public/img/IMG_7665_0797c.jpg]
[releaf.site/solarpunk-fiction/shadows-over-austin-tale-neural-innovation-and-upcycled-mystery/125.html]
[releaf.site/sites/default/files/img/IMG_7673.jpg]
[releaf.site/sites/default/files/styles/dalle/public/img/IMG_7673e3b0.jpg]
[releaf.site/augmented-reality/62.html]
[releaf.site/solarpunk-fiction/releaf-and-augmented-reality-future-urban-horticulture-austin/124.html]
[releaf.site/sites/default/files/img/IMG_7680.jpg]
[releaf.site/sites/default/files/styles/dalle/public/img/IMG_7680e902.jpg]
[releaf.site/solarpunk-fiction/homemade-austin-style-strawbactus-wine/123.html]
[releaf.site/sites/default/files/img/IMG_7683.jpg]
[releaf.site/sites/default/files/styles/dalle/public/img/IMG_7683ecc2.jpg]
[releaf.site/solarpunk-fiction/austins-light-rail-system-self-watering-air-purifying-living-walls/122.html]
[releaf.site/sites/default/files/img/IMG_7674.jpg]
[releaf.site/sites/default/files/styles/dalle/public/img/IMG_76744a08.jpg]
[releaf.site/solarpunk-fiction/releafs-pioneering-concept-evolving-copyright-copy/119.html]
[releaf.site/sites/default/files/img/IMG_7684.jpg]
[releaf.site/sites/default/files/styles/dalle/public/img/IMG_7684c11e.jpg]
[releaf.site/solarpunk-fiction/green-narrative-how-releafs-bio-mimicry-cms-reshaping-austins-reality-and-fiction/118.html]
[releaf.site/sites/default/files/img/IMG_7685.jpg]
[releaf.site/sites/default/files/styles/dalle/public/img/IMG_768576df.jpg]
[releaf.site/solarpunk-fiction/reality-meets-fiction-releafs-bio-mimicry-approach-blending-physical-installations-storytelling/117.html]
[releaf.site/sites/default/files/img/IMG_7691.jpg]
[releaf.site/sites/default/files/styles/dalle/public/img/IMG_76915feb.jpg]
[releaf.site/solarpunk-fiction/green-controversy-delivery-zones-garden-city/116.html]
[releaf.site/sites/default/files/img/IMG_7695.jpg]
[releaf.site/sites/default/files/styles/dalle/public/img/IMG_76955fe2.jpg]
[releaf.site/solarpunk-fiction/urban-eden-releaf-guide-vertical-gardening-silver-anniversary-edition/115.html]
[releaf.site/sites/default/files/img/IMG_7689.jpg]
[releaf.site/sites/default/files/styles/dalle/public/img/IMG_768918b2.jpg]
[releaf.site/mueller/98.html]
[releaf.site/geodesic-dome/99.html]
[releaf.site/solarpunk-fiction/shadows-fuller-dome/114.html]
[releaf.site/sites/default/files/img/IMG_7687.jpg]
[releaf.site/sites/default/files/styles/dalle/public/img/IMG_76877580.jpg]
[releaf.site/driskill/97.html]
[releaf.site/solarpunk-fiction/greenspeed-requiem-lynchian-odyssey-through-veins-austin/113.html]
[releaf.site/sites/default/files/img/IMG_7162_Original.jpg]
[releaf.site/sites/default/files/styles/dalle/public/img/IMG_7162_Originalafac.jpg]
[releaf.site/greensync/95.html]
[releaf.site/solarpunk-fiction/biostack-chronicles-green-grey-city/112.html]
[releaf.site/sites/default/files/img/IMG_7171_Original.jpg]
[releaf.site/sites/default/files/styles/dalle/public/img/IMG_7171_Originalf669.jpg]
[releaf.site/solarpunk-fiction/botanic-bike-and-journey-urban-regeneration/111.html]
[releaf.site/sites/default/files/img/IMG_7169_Original.jpg]
[releaf.site/sites/default/files/styles/dalle/public/img/IMG_7169_Originala259.jpg]
[releaf.site/hyperseed/92.html]
[releaf.site/trash-transmutation-tower/93.html]
[releaf.site/solarpunk-fiction/sprouting-skyscrapers-austins-hyperseed-driven-waste-revolution/110.html]
[releaf.site/sites/default/files/img/IMG_5927_Original.jpg]
[releaf.site/sites/default/files/styles/dalle/public/img/IMG_5927_Original3ef5.jpg]
[releaf.site/solarpunk-fiction/talking-parrots-and-timekeeping-shadows-fuller-domes-quirky-spring-debut/109.html]
[releaf.site/sites/default/files/img/IMG_7175_Original.jpg]
[releaf.site/sites/default/files/styles/dalle/public/img/IMG_7175_Originalf332.jpg]
[releaf.site/solarpunk-fiction/council-gives-initial-approval-releafs-redevelopment-east-austin-dairy-plant-vertical-gardens/108.html]
[releaf.site/solarpunk-fiction/embracing-tech-caution-releaf-approach-inspired-luddite-literature/104.html]
[releaf.site/hypercube/48.html]
[releaf.site/solarpunk-fiction/geometron-and-geometry-transformation-austins-path-sustainable-innovation/97.html]
[releaf.site/solarpunk-fiction/austins-geometric-renaissance/96.html]
[releaf.site/attorney-rocks/90.html]
[releaf.site/solarpunk-fiction/unearthing-mystery-austins-vertical-gardens-and-billboard-rocks/95.html]
[releaf.site/solarpunk-fiction/finding-inspiration-solarpunk-futures-releafs-vision/90.html]
[releaf.site/solarpunk-fiction/layers-memory-crying-lot-49-and-releafs-waste/87.html]
[releaf.site/solarpunk-fiction/slide-loop-solarpunk-parable/86.html]
[releaf.site/solarpunk-fiction/paving-solarpunk-path-e-waste-reuse/85.html]
[releaf.site/irrigation-system/87.html]
[releaf.site/solarpunk-fiction/e-waste-alchemist-part-1/84.html]
[releaf.site/solarpunk-fiction/releafs-interactive-vertical-gardens-merging-storytelling-community-engagement-and-sustainability/83.html]
[releaf.site/solarpunk-fiction/celebrating-20-years-releaf-austin-green-revolution-catalog/70.html]
[releaf.site/solarpunk-fiction/flame-alphabet-releaf-and-waste-environment-crafting-balanced-narrative/62.html]
[releaf.site/solarpunk-fiction/unveiling-layers-connection-crying-lot-49-and-releafs-waste/56.html]
[releaf.site/harry-ransom-center/69.html]
[releaf.site/fiskadoro/70.html]
[releaf.site/dystopia/71.html]
[releaf.site/solarpunk-fiction/pages-fiskadoro-augmented-reality-austin-literary-journey-releaf/55.html]
[releaf.site/air-quality/26.html]
[releaf.site/new-roots-collective/58.html]
[releaf.site/solarpunk-fiction/shadows-harmony-solarpunk-tale-unity-and-choice/47.html]
[releaf.site/emery-adams/59.html]
[releaf.site/choose-your-own-adventure/53.html]
[releaf.site/solarpunk-fiction/2b-or-not-2b-unexpected-twist/46.html]
[releaf.site/solarpunk-fiction/day-life-releaf-member-owner/40.html]
[releaf.site/live-action-role-playing-larp/21.html]
[releaf.site/article/blurring-reality-and-fantasy-intersection-gaming-literature-and-income-streams/39.html]
[releaf.site/solarpunk-fiction/2046-cube-reappears/38.html]
[releaf.site/green-technology/15.html]
[releaf.site/ecological-balance/16.html]
[releaf.site/planter-module/19.html]
[releaf.site/metadata/20.html]
[releaf.site/article/imagination-and-growth-how-releaf-blending-fiction-and-reality/34.html]
[releaf.site/solarpunk-fiction/verdant-standoff-green-maverick-challenges-state-texas/30.html]
[releaf.site/solarpunk-fiction/under-bridge-new-dawn/7.html]
[releaf.site/sites/default/files/css/css_0wxyaEuBVGSb5cejFa5-eI6uT7rZb97f7AT2ZAR3XVQ.css]
[releaf.site/sites/default/files/css/css_iuw8jei0Gik52W7r-KvImj7kP47wgC89_4h67tySONY.css]
[releaf.site/sites/default/files/css/css_FVEbFVrwsYDwmkdtdlBhuUs97n0OJxhJ48Xvwx3R3_Q.css]
[releaf.site/book/geometron/1/civilizations.html]
[releaf.site/book/geometron/7/maps.html]
[releaf.site/book/geometron/6/feeds.html]
[releaf.site/book/geometron/4/servers.html]
[releaf.site/book/geometron/3/street-network.html]
[releaf.site/book/geometron/2/organic-media.html]
[releaf.site/book/geometron/15/full-stack.html]
[releaf.site/book/geometron/14/magic.html]
[releaf.site/book/geometron/13/3d-beyond.html]
[releaf.site/book/geometron/12/printers.html]
[releaf.site/book/geometron/11/action-geometry.html]
[releaf.site/book/geometron/10/shapes-fonts.html]
[releaf.site/book/geometron/9/2d-web-graphics.html]
[releaf.site/book/geometron/8/scrolls.html]
[releaf.site/book/geometron/5/scrolls.html]
[releaf.site/how-to/replicate-trash-magic-server/286.html]
[releaf.site/zine/butterfly-bridge-austin-public-library-shoal-creek/285.html]
[releaf.site/zine/shoal-creek-and-austin-public-library/284.html]
[releaf.site/how-to/skeletron-labels/283.html]
[releaf.site/how-to/skeletron-beginnings/282.html]
[releaf.site/zine/281.html]
[releaf.site/zine/creeks-are-life/279.html]
[releaf.site/user/1/activity02e4.html]
[releaf.site/user/1/activity2679.html]
[releaf.site/user/1/activity4658.html]
[releaf.site/user/1/activity9ba9.html]
[releaf.site/user/1/activityfdb0.html]
[releaf.site/user/1/activityaf4d.html]
[releaf.site/user/1/activityc575.html]
[releaf.site/user/1/activity235c.html]
[releaf.site/user/1/activityfdfa.html]
[releaf.site/user/1/activity1c8b.html]
[releaf.site/sites/default/files/js/js_-_122f3U5Yun1cXqu5oJIJOYbAMKJzXhiOKfVwJgsW4.js]
[releaf.site/user/1/activity.html]
[releaf.site/article/who-owns-green-future-merging-laniers-data-dignity-releafs-eco-innovation/2.html]
[releaf.site/article/libraries-vertical-gardens-evolution-shared-resources-and-role-releaf/3.html]
[releaf.site/article/lessons-releaf-can-learn-mondragon-cooperative-model/4.html]
[releaf.site/article/livable-affordable-cities-vienna-vs-austin/5.html]
[releaf.site/article/resonating-sustainability-one-releaf-story-austin-city-limits/8.html]
[releaf.site/article/releaf-cultivating-sustainable-retirement-amid-decline-traditional-pensions/9.html]
[releaf.site/article/slam-dunking-zero-waste-2040-challenge-releafs-plan-greener-austin/10.html]
[releaf.site/article/how-releaf-acts-fractal-circular-economy/11.html]
[releaf.site/solarpunk-fiction/strumming-strings-sustainability-releaf-story/12.html]
[releaf.site/cannabis/55.html]
[releaf.site/solarpunk-fiction/freedom-frameworks-jays-journey-incarceration-innovation/13.html]
[releaf.site/solarpunk-fiction/2036-looking-back/14.html]
[releaf.site/solarpunk-fiction/nuts-austins-bumper-crop-2040/15.html]
[releaf.site/solarpunk-fiction/unplugged-and-tour-how-one-musician-found-harmony-releaf/16.html]
[releaf.site/article/growing-profits-airbnb-vertical-farming-and-how-releaf-reinventing-your-living-space/17.html]
[releaf.site/treaty-oak/56.html]
[releaf.site/solarpunk-fiction/voice-oak-how-austins-treaty-oak-speaks-global-conservation-and-peace/18.html]
[releaf.site/solarpunk-fiction/moss-media-austins-living-fashion-revolution-verdevogue/19.html]
[releaf.site/article/rooted-fairness-why-releafs-organic-scaling-outshines-pyramid-schemes-mlms-and-traditional/20.html]
[releaf.site/solarpunk-fiction/planting-roots-naturalization-day-austin-central-library/21.html]
[releaf.site/article/revolutionizing-waste-comparative-look-releaf-and-happy-beetle/22.html]
[releaf.site/article/scaling-sustainability-green-walls/23.html]
[releaf.site/solarpunk-fiction/austins-enigmatic-cube-and-insect-architects/24.html]
[releaf.site/solarpunk-fiction/unseen-networks-unveiled-green-group-chat-austins-future/25.html]
[releaf.site/article/releaf-growing-beyond-green-walls-sustainable-ecosystems/26.html]
[releaf.site/article/releafs-cooperative-ethos-empowering-contributors-not-exploiting-them/27.html]
[releaf.site/article/down-earth-releaf-pragmatic-progress-over-cryptocurrency-hype/28.html]
[releaf.site/article/initial-design-questions-starting-irl-soon/35.html]
[releaf.site/user/102e4.html]
[releaf.site/user/14658.html]
[releaf.site/user/12679.html]
[releaf.site/sites/default/files/js/js_IR86T3xZ8fkg9aRzWbKcbNs1tU4y5B01WK2xVVJhnPg.js]
[releaf.site/sites/default/files/js/js_DF9BdfIRYfFYMqQD2dVtJUGYOnEcEFRFTYQ14oWMBx8.js]
[releaf.site/sites/default/files/css/css_L2wJZIYhIpGLwxP6uNWfLoMjhq3_e3dwXxAeMoBjKZs.css]
[releaf.site/sites/default/files/css/css_j3Wc61DGQzlIBPstQaXUJHrSvDzbEdPmIyPu_184dlQ.css]
[releaf.site/book/geometron.html]
[releaf.site/sites/default/files/img/IMG_7564.jpg]
[releaf.site/sites/default/files/styles/dalle/public/img/IMG_7564792e.jpg]
[releaf.site/solarpunk-fiction/trash-magic-revolutionizing-music-distribution/173.html]
[releaf.site/sites/default/files/img/IMG_7634.jpg]
[releaf.site/sites/default/files/styles/dalle/public/img/IMG_7634c9b6.jpg]
[releaf.site/solarpunk-fiction/trash-magic-free-music-distribution-network-independent-artists/170.html]
[releaf.site/sites/default/files/img/B1303484-E814-4A8D-AB30-A3071E027016.png]
[releaf.site/how-to/building-your-own-vertiflow-vertical-garden-using-residential-waste/267.html]
[releaf.site/permacomputing/174.html]
[releaf.site/how-to/utilize-batman-adv-send-updates-remote-access-points/273.html]
[releaf.site/sites/default/files/img/IMG_0046.jpg]
[releaf.site/sites/default/files/styles/dalle/public/img/IMG_0046227b.jpg]
[releaf.site/solarpunk-fiction/releaf-and-upcycled-computers-revolutionizing-urban-agriculture-austin-texas/262.html]
[releaf.site/sites/default/files/img/IMG_0054.jpg]
[releaf.site/sites/default/files/styles/dalle/public/img/IMG_0054d749.jpg]
[releaf.site/article/releafs-vertical-gardens-affordable-and-sustainable-alternative-expensive-hedge-walls/252.html]
[releaf.site/sites/default/files/img/IMG_7603.jpg]
[releaf.site/sites/default/files/styles/dalle/public/img/IMG_760355be.jpg]
[releaf.site/article/releaf-and-fashion-waste-conundrum-scalable-solution/208.html]
[releaf.site/how-to/7-creative-ways-repurpose-household-waste-planters/202.html]
[releaf.site/sites/default/files/img/IMG_7591.jpg]
[releaf.site/sites/default/files/styles/dalle/public/img/IMG_75910957.jpg]
[releaf.site/article/embracing-sustainability-lessons-isla-holbox/266.html]
[releaf.site/sites/default/files/img/IMG_7593.jpg]
[releaf.site/sites/default/files/styles/dalle/public/img/IMG_759341d6.jpg]
[releaf.site/article/vertical-gardens-harnessing-rainwater-through-natures-design/254.html]
[releaf.site/sites/default/files/img/IMG_7495.jpg]
[releaf.site/sites/default/files/styles/dalle/public/img/IMG_74955ff4.jpg]
[releaf.site/solarpunk-fiction/building-vertiflow-system-symbol-resilience-and-community/251.html]
[releaf.site/sites/default/files/img/IMG_0056.jpg]
[releaf.site/sites/default/files/styles/dalle/public/img/IMG_00569018.jpg]
[releaf.site/article/releaf-championing-anti-consumerism-through-innovative-urban-gardening/249.html]
[releaf.site/sites/default/files/img/IMG_0059.jpg]
[releaf.site/sites/default/files/styles/dalle/public/img/IMG_00597552.jpg]
[releaf.site/solarpunk-fiction/releafs-pecan-initiative-spurring-urban-greening-austin-and-beyond/234.html]
[releaf.site/sites/default/files/img/IMG_6449_Original.jpg]
[releaf.site/sites/default/files/styles/dalle/public/img/IMG_6449_Originale6f8.jpg]
[releaf.site/article/releaf-promotes-mycology-sustainable-urban-greening/226.html]
[releaf.site/sites/default/files/img/IMG_5925_Original.jpg]
[releaf.site/sites/default/files/styles/dalle/public/img/IMG_5925_Originale862.jpg]
[releaf.site/article/releaf-revolutionizing-urban-sustainability-through-vertical-gardens-and-waste-management/222.html]
[releaf.site/sites/default/files/img/IMG_6639_Original.jpg]
[releaf.site/sites/default/files/styles/dalle/public/img/IMG_6639_Original53cf.jpg]
[releaf.site/article/potential-green-futures-lessons-small-gritty-and-green-and-releaf-initiative/218.html]
[releaf.site/sites/default/files/img/IMG_7228.png]
[releaf.site/sites/default/files/styles/dalle/public/img/IMG_72280062.png]
[releaf.site/article/nature-inspired-innovation-releaf-biomimicry-and-fractals-vertical-gardens/215.html]
[releaf.site/sites/default/files/img/IMG_7574.png]
[releaf.site/sites/default/files/styles/dalle/public/img/IMG_757448d6.png]
[releaf.site/el-nino/135.html]
[releaf.site/horticultural-modules/136.html]
[releaf.site/solarpunk-fiction/releafs-innovative-approach-austins-model-resiliency-against-el-nino/184.html]
[releaf.site/sites/default/files/styles/dalle/public/img/B1303484-E814-4A8D-AB30-A3071E0270166e27.png]
[releaf.site/solarpunk-fiction/releaf-cooperative-brings-sustainable-gardens-austin-elementary-schools/182.html]
[releaf.site/sites/default/files/img/IMG_7547.png]
[releaf.site/sites/default/files/styles/dalle/public/img/IMG_75471b7f.png]
[releaf.site/rainforest/133.html]
[releaf.site/solarpunk-fiction/creating-austins-first-rainforest-vision-ecologist-nora-sanchez/180.html]
[releaf.site/sites/default/files/img/IMG_7549.png]
[releaf.site/sites/default/files/styles/dalle/public/img/IMG_754962bf.png]
[releaf.site/systemic-corruption/130.html]
[releaf.site/article/releaf-sustainable-democratic-alternative-oligarchic-corruption/178.html]
[releaf.site/empathy-interviews/89.html]
[releaf.site/article/empathy-interviews-and-lean-co-op-business-planning-canvas-building-equitable-systems-sustainable/88.html]
[releaf.site/natural-light/30.html]
[releaf.site/residential-conversion/31.html]
[releaf.site/closed-loop-system/27.html]
[releaf.site/natural-ventilation/32.html]
[releaf.site/article/windows-wonders-transforming-post-war-colossals-vertical-gardens/32.html]
[releaf.site/article/releaf-innovative-approach-end-hunger-and-foster-sustainable-communities-austin-2030/43.html]
[releaf.site/how-to/no-waste/269.html]
[releaf.site/sites/default/files/img/IMG_0051.jpg]
[releaf.site/sites/default/files/styles/dalle/public/img/IMG_0051fd80.jpg]
[releaf.site/solarpunk-fiction/releaf-and-austins-remarkable-transformation-era-cleaner-waterways-through-vertical-gardens/268.html]
[releaf.site/sites/default/files/styles/dalle/public/img/IMG_74646b71.jpg]
[releaf.site/inclusivity/147.html]
[releaf.site/article/releaf-vertical-gardens-sanctuary-gentle-gardening-and-storytelling/264.html]
[releaf.site/sites/default/files/img/IMG_7465.jpg]
[releaf.site/sites/default/files/styles/dalle/public/img/IMG_7465754a.jpg]
[releaf.site/article/releaf-revolutionizing-austins-waste-problem-through-vertical-gardening/261.html]
[releaf.site/sites/default/files/img/IMG_0049.jpg]
[releaf.site/sites/default/files/styles/dalle/public/img/IMG_0049d0e7.jpg]
[releaf.site/solarpunk-fiction/releafs-vertical-gardens-nurturing-stories-through-comprehensive-life-story-metadata/259.html]
[releaf.site/sites/default/files/img/IMG_0047.jpg]
[releaf.site/sites/default/files/styles/dalle/public/img/IMG_004703bd.jpg]
[releaf.site/solarpunk-fiction/releaf-sustainable-architecture-redefining-urban-landscapes-biobricks/244.html]
[releaf.site/sites/default/files/img/IMG_7598.jpg]
[releaf.site/sites/default/files/styles/dalle/public/img/IMG_7598629f.jpg]
[releaf.site/solarpunk-fiction/releaf-revolution-urban-green-cooperatives/241.html]
[releaf.site/sites/default/files/styles/dalle/public/img/IMG_6430_Originalc0cd.jpg]
[releaf.site/ivory-billed-woodpecker/164.html]
[releaf.site/solarpunk-fiction/releafs-vertical-gardens-bird-friendly-habitat-urban-spaces/229.html]
[releaf.site/sites/default/files/img/IMG_5894_Original.jpg]
[releaf.site/sites/default/files/styles/dalle/public/img/IMG_5894_Original20d1.jpg]
[releaf.site/article/revolutionizing-urban-greenery-releafs-fabric-wick-vertical-gardens/225.html]
[releaf.site/sites/default/files/img/DALL·E 2023-06-14 19.04.51.png]
[releaf.site/sites/default/files/styles/dalle/public/img/DALL·E 2023-06-14 19.04.51819e.png]
[releaf.site/solarpunk-fiction/releafs-vertical-gardens-bring-back-ivory-billed-woodpecker-austin/224.html]
[releaf.site/sites/default/files/img/IMG_7226.png]
[releaf.site/sites/default/files/styles/dalle/public/img/IMG_7226854b.png]
[releaf.site/solarpunk-fiction/releafs-vertical-gardens-innovative-solution-urban-air-pollution/213.html]
[releaf.site/how-to/setting-vertical-garden-drupal-commerce-product-types-variations/212.html]
[releaf.site/aluminum-can/152.html]
[releaf.site/how-to/diy-guide-upcycling-aluminum-cans-modular-planters/204.html]
[releaf.site/sites/default/files/img/IMG_7654.jpg]
[releaf.site/article/building-confidence-and-self-awareness-vertical-gardening/134.html]
[releaf.site/sites/default/files/styles/dalle/public/img/IMG_765450ea.jpg]
[releaf.site/how-to/diy-guide-constructing-vertical-garden-upcycled-materials/120.html]
[releaf.site/how-to/essential-components-wicking-irrigation-system/77.html]
[releaf.site/article/vertical-garden-essentials/60.html]
[releaf.site/article/water-towers-and-circular-economy/44.html]
[releaf.site/article/open-letter/37.html]
[releaf.site/article/2023-austin-circular-economy-showcase/36.html]
[releaf.site/sites/default/files/img/IMG_3565_Original.jpg]
[releaf.site/sites/default/files/styles/dalle/public/img/IMG_3565_Originalc245.jpg]
[releaf.site/article/releaf-creating-local-employment-skills-development-and-green-entrepreneurship/243.html]
[releaf.site/sites/default/files/img/IMG_6512_Original.jpg]
[releaf.site/sites/default/files/styles/dalle/public/img/IMG_6512_Original895f.jpg]
[releaf.site/solarpunk-fiction/solarpunk-festival-austins-creative-sustainable-and-community-driven-celebration/237.html]
[releaf.site/sites/default/files/img/IMG_0061.jpg]
[releaf.site/sites/default/files/styles/dalle/public/img/IMG_0061d105.jpg]
[releaf.site/solarpunk-fiction/extraction-compensation-comparing-reddit-and-releafs-models-content-creators/233.html]
[releaf.site/sites/default/files/img/DALL·E 2023-06-13 07.11.35.png]
[releaf.site/sites/default/files/styles/dalle/public/img/DALL·E 2023-06-13 07.11.35b625.png]
[releaf.site/article/accelerating-circular-economy-releaf-water-recirculation-and-velocity-money-austin/214.html]
[releaf.site/sites/default/files/img/18883248-CC6C-4408-9F53-56C8BF9666B2.png]
[releaf.site/sites/default/files/styles/dalle/public/img/18883248-CC6C-4408-9F53-56C8BF9666B22a9f.png]
[releaf.site/article/releaf-strategic-approach-sustainability-objectives/176.html]
[releaf.site/sites/default/files/img/AB0B95FD-BA13-423F-BC90-30411DA7796A.png]
[releaf.site/sites/default/files/styles/dalle/public/img/AB0B95FD-BA13-423F-BC90-30411DA7796Ae1aa.png]
[releaf.site/data-dignity/128.html]
[releaf.site/article/releaf-revolutionizing-data-dignity-and-equitable-logistics-austin/174.html]
[releaf.site/sites/default/files/img/IMG_7665.jpg]
[releaf.site/sites/default/files/styles/dalle/public/img/IMG_766550a2.jpg]
[releaf.site/article/releaf-and-donna-parallel-innovations-cooperative-ownership-and-unique-storytelling/127.html]
[releaf.site/sites/default/files/img/IMG_7677.jpg]
[releaf.site/sites/default/files/styles/dalle/public/img/IMG_767784ee.jpg]
[releaf.site/solarpunk-fiction/releafs-cooperative-model-solution-enshittification-digital-communities/121.html]
[releaf.site/solarpunk-fiction/releaf-and-green-revolution-waste-management/106.html]
[releaf.site/solarpunk-fiction/path-towards-transparency-and-shared-prosperity/102.html]
[releaf.site/solarpunk-fiction/releaf-shaping-future-business-transparency-innovation-and-mutually-beneficial-partnerships/101.html]
[releaf.site/article/membership-agreement-releaf/100.html]
[releaf.site/article/bylaw-design-releaf/99.html]
[releaf.site/solarpunk-fiction/releaf-embracing-fiction-recognizing-reality-and-crafting-desirable-future/92.html]
[releaf.site/article/closing-wealth-disparity-gap-through-innovative-ownership-design-lessons-taxation-and-releaf/91.html]
[releaf.site/article/empowering-and-upskilling-heartfelt-approach-addressing-homelessness-austin/89.html]
[releaf.site/article/designing-ownership-releaf/82.html]
[releaf.site/article/lean-co-op-ownership-model-canvas/81.html]
[releaf.site/article/lean-co-op-business-planning-canvas/80.html]
[releaf.site/article/startcoop-accelerator-application-responses/79.html]
[releaf.site/pattern-language/75.html]
[releaf.site/vic-tandy/85.html]
[releaf.site/spatial-awareness/86.html]
[releaf.site/article/lessons-tomorrow-tomorrow-tomorrow/76.html]
[releaf.site/synchronicity/80.html]
[releaf.site/article/rewilding-urban-landscapes-synchronicity-and-releaf-model/73.html]
[releaf.site/innovation/78.html]
[releaf.site/breakthrough/79.html]
[releaf.site/article/planting-ideas-oblique-strategies-pathway-creative-breakthroughs/71.html]
[releaf.site/douglas-hofstadter/76.html]
[releaf.site/article/infinite-reflections-insights-godel-escher-bach-austins-releaf-initiative/66.html]
[releaf.site/solarpunk-fiction/lessons-pattern-language-and-timeless-way-building-austins-releaf-initiative/65.html]
[releaf.site/vernor-vinge/74.html]
[releaf.site/solarpunk-fiction/transcending-reality-lessons-rainbows-end-and-their-relevance-austins-releaf-initiative/64.html]
[releaf.site/article/building-green-unlocking-dormant-spaces-residual-income-releaf/63.html]
[releaf.site/margaret-atwood/73.html]
[releaf.site/solarpunk-fiction/dystopia-utopia-margaret-atwoods-madaddam-trilogy-and-releaf-solution/61.html]
[releaf.site/zero-waste-initiative/72.html]
[releaf.site/article/austins-zero-waste-initiative-releafs-role-citys-green-transformation/59.html]
[releaf.site/sites/default/files/css/css_lVsHMJ7qFwAWuyX1c6Fx3I1BjxF5zifafN5PFp3i6Vo.css]
[releaf.site/trash-magic-server/187.html]
[releaf.site/waller-creek/188.html]
[releaf.site/lyrics/upcycle-anthem/58.html]
[releaf.site/waste-land/67.html]
[releaf.site/article/reflection-releafs-vision-and-ts-eliots-modernist-masterpiece-waste-land/54.html]
[releaf.site/institute/61.html]
[releaf.site/article/blurring-boundaries-look-institute-and-releaf-initiative/50.html]
[releaf.site/article/what-are-some-techniques-environmentalism/48.html]
[releaf.site/article/releaf-waste-waste/45.html]
[releaf.site/solarpunk-fiction/day-life-part-2a/42.html]
[releaf.site/sites/default/files/css/css_5t1biM5wPU3FWhnq-fhaDRKszydh_MfLKuSMssqG5vA.css]
[releaf.site/node.html]
[releaf.site/node/278.html]
[releaf.site/sites/default/files/img/7E9A3573-5D2E-4E87-A50C-5DB3E9130DA9_Original.jpg]
[releaf.site/sites/default/files/styles/dalle/public/img/7E9A3573-5D2E-4E87-A50C-5DB3E9130DA9_Original7221.jpg]
[releaf.site/article/releaf-pioneering-solarpunk-principles-urban-green-cooperatives/242.html]
[releaf.site/richard-linklater/63.html]
[releaf.site/matthew-mcconaughey/64.html]
[releaf.site/boyhood/65.html]
[releaf.site/dazed-and-confused/66.html]
[releaf.site/solarpunk-fiction/extending-boyhood-austins-green-canopy-open-invitation-collaborate/53.html]
[releaf.site/article/matthew-mcconaugheys-stamp-austins-social-impact-scene-and-releaf-connection/52.html]
[releaf.site/lucia-athens/60.html]
[releaf.site/article/sustainabilitys-moment-embracing-athens-vision-austins-releaf-initiative/49.html]
[releaf.site/sites/default/files/img/DALL·E 2023-06-13 07.12.06.png]
[releaf.site/sites/default/files/styles/dalle/public/img/DALL·E 2023-06-13 07.12.06b386.png]
[releaf.site/article/releafs-vertical-gardens-honoring-people-and-materials-through-life-story-metadata/220.html]
[releaf.site/solarpunk-fiction/releaf-slide-deck/103.html]
[releaf.site/article/how-releafs-cooperative-vertical-gardens-model-reshaping-urban-resilience-and-adaptation/72.html]
[releaf.site/article/harnessing-power-cooperatives-navigating-working-home-controversy/67.html]
[releaf.site/sites/default/files/img/IMG_7660_0.jpg]
[releaf.site/sites/default/files/styles/dalle/public/img/IMG_7660_043cb.jpg]
[releaf.site/solarpunk-fiction/unraveling-austins-mystery-ancient-artifact-reveals-unexplainable-qr-code-historic-zilker-park/131.html]
[releaf.site/magician/91.html]
[releaf.site/solarpunk-fiction/magicians-arrival/105.html]
[releaf.site/article/applying-self-help-principles-sustainability-look-releafs-impact-personal-growth-and-austins/98.html]
[releaf.site/solarpunk-fiction/hypercube-geometric-journey-realm-possibility/94.html]
[releaf.site/solarpunk-fiction/embracing-uncertainty-releafs-response-criticisms-generative-ai/93.html]
[releaf.site/ebb-and-flow/88.html]
[releaf.site/how-to/embracing-sustainability-ebb-and-flow-irrigation/78.html]
[releaf.site/solarpunk-fiction/hello-master-tales-and-whispers-wind/68.html]
[releaf.site/sites/default/files/inline-images/IMG_7190.png]
[releaf.site/solarpunk-fiction/waste/41.html]
[releaf.site/hospital/139.html]
[releaf.site/tranquility/142.html]
[releaf.site/healing/143.html]
[releaf.site/music/4.html]
[releaf.site/sites/default/files/css/css_cXVunpV9uZV2PPQasNQRrtQ5l1-68ZNQxcQoIsuKw9E.css]
[releaf.site/storytelling/24.html]
[releaf.site/user/5.html]
[releaf.site/clandestine-collective/38.html]
[releaf.site/floral-whispers/34.html]
[releaf.site/public-art/35.html]
[releaf.site/ephemeral-art/36.html]
[releaf.site/natural-materials/37.html]
[releaf.site/solarpunk-fiction/resilience-and-releaf-tale-triumph-amidst-trials/196.html]
[releaf.site/life-story/39.html]
[releaf.site/historic-homelessness/41.html]
[releaf.site/youth-culture/43.html]
[releaf.site/urban-greening/6.html]
[releaf.site/pecan/44.html]
[releaf.site/compost/45.html]
[releaf.site/historic-hunger/46.html]
[releaf.site/hyperlocal/47.html]
[releaf.site/greenspeed/94.html]
[releaf.site/organic-media/1.html]
[releaf.site/trash-repurposing/2.html]
[releaf.site/botany/3.html]
[releaf.site/waste-integration/5.html]
[releaf.site/community-engagement/7.html]
[releaf.site/system-replication/9.html]
[releaf.site/container-gardening/11.html]
[releaf.site/mycoremediation/12.html]
[releaf.site/circular-economy/14.html]
[releaf.site/trails/50.html]
[releaf.site/user/2/activity.html]
[releaf.site/eli/116.html]
[releaf.site/explain/trash-magic-mix-tape-free-music-sharing-better-world/171.html]
[releaf.site/sustainable-business/131.html]
[releaf.site/veganism/137.html]
[releaf.site/environmental-engagement/22.html]
[releaf.site/article/dance-consciousness-and-reality/75.html]
[releaf.site/literary-criticism/68.html]
[releaf.site/biomimicry/160.html]
[releaf.site/zilker-park/101.html]
[releaf.site/immigration/148.html]
[releaf.site/strawbactus/51.html]
[releaf.site/who-owns-future/165.html]
[releaf.site/education/100.html]
[releaf.site/climate-change/134.html]
[releaf.site/employment/149.html]
[releaf.site/cultural-shift/23.html]
[releaf.site/central.html]
[releaf.site/library/113.html]
[releaf.site/renewable-energy/114.html]
[releaf.site/guano/112.html]
[releaf.site/user/4/activity.html]
[releaf.site/echo/109.html]
[releaf.site/independent/110.html]
[releaf.site/shoal-creek.html]
[releaf.site/riley/111.html]
[releaf.site/main-building/104.html]
[releaf.site/initiative/105.html]
[releaf.site/indeed-tower/106.html]
[releaf.site/oblique-strategies/77.html]
[releaf.site/architectural-transformation/29.html]
[releaf.site/how-to/how-upcycle-scrap-wood-french-cleat/74.html]
[releaf.site/adaptive-reuse/28.html]
[releaf.site/biostack/96.html]
[releaf.site/augmented-reality/62.html]
[releaf.site/mueller/98.html]
[releaf.site/geodesic-dome/99.html]
[releaf.site/driskill/97.html]
[releaf.site/greensync/95.html]
[releaf.site/hyperseed/92.html]
[releaf.site/sites/default/files/css/css_GI5MxWMy_RzGGZdktCHPQ4KJ4Phj1un_pmGh1gfQlko.css]
[releaf.site/trash-transmutation-tower/93.html]
[releaf.site/hypercube/48.html]
[releaf.site/attorney-rocks/90.html]
[releaf.site/irrigation-system/87.html]
[releaf.site/harry-ransom-center/69.html]
[releaf.site/fiskadoro/70.html]
[releaf.site/dystopia/71.html]
[releaf.site/air-quality/26.html]
[releaf.site/new-roots-collective/58.html]
[releaf.site/emery-adams/59.html]
[releaf.site/choose-your-own-adventure/53.html]
[releaf.site/live-action-role-playing-larp/21.html]
[releaf.site/green-technology/15.html]
[releaf.site/ecological-balance/16.html]
[releaf.site/planter-module/19.html]
[releaf.site/metadata/20.html]
[releaf.site/sites/default/files/css/css_iuw8jei0Gik52W7r-KvImj7kP47wgC89_4h67tySONY.css]
[releaf.site/sites/default/files/css/css_FVEbFVrwsYDwmkdtdlBhuUs97n0OJxhJ48Xvwx3R3_Q.css]
[releaf.site/book/geometron/1/civilizations.html]
[releaf.site/book/geometron/7/maps.html]
[releaf.site/book/geometron/6/feeds.html]
[releaf.site/book/geometron/4/servers.html]
[releaf.site/book/geometron/3/street-network.html]
[releaf.site/book/geometron/2/organic-media.html]
[releaf.site/book/geometron/15/full-stack.html]
[releaf.site/book/geometron/14/magic.html]
[releaf.site/book/geometron/13/3d-beyond.html]
[releaf.site/book/geometron/12/printers.html]
[releaf.site/book/geometron/11/action-geometry.html]
[releaf.site/book/geometron/10/shapes-fonts.html]
[releaf.site/book/geometron/9/2d-web-graphics.html]
[releaf.site/book/geometron/8/scrolls.html]
[releaf.site/book/geometron/5/scrolls.html]
[releaf.site/how-to/replicate-trash-magic-server/286.html]
[releaf.site/zine/butterfly-bridge-austin-public-library-shoal-creek/285.html]
[releaf.site/zine/shoal-creek-and-austin-public-library/284.html]
[releaf.site/skeletron.html]
[releaf.site/how-to/skeletron-labels/283.html]
[releaf.site/how-to/skeletron-beginnings/282.html]
[releaf.site/zine/281.html]
[releaf.site/zine/creeks-are-life/279.html]
[releaf.site/user/1/activity02e4.html]
[releaf.site/user/1/activity2679.html]
[releaf.site/article/distinguishing-between-common-hedge-parsley-and-poison-hemlock-guide-identification/133.html]
[releaf.site/solarpunk-fiction/creating-sustainable-and-fair-world-all/172.html]
[releaf.site/user/1/activity4658.html]
[releaf.site/user/1/activity9ba9.html]
[releaf.site/article/versatile-vertiflow-system-enables-eco-friendly-structures-walls-bridges-canopies-more/239.html]
[releaf.site/node/274.html]
[releaf.site/node/277.html]
[releaf.site/node/276.html]
[releaf.site/node/275.html]
[releaf.site/user/1/activityfdb0.html]
[releaf.site/how-to/how-download-and-convert-dynamic-website-static-files/272.html]
[releaf.site/lyrics/releaf-revival/271.html]
[releaf.site/lyrics/rhythm-releaf-no-waste-flow/270.html]
[releaf.site/explain/accessible-and-sustainable-gardens-all-releaf/265.html]
[releaf.site/explain/green-pcs-automating-city-gardens-old-computers/263.html]
[releaf.site/explain/versatile-vertiflow-endless-possibilities-your-garden-design/238.html]
[releaf.site/explain/discover-austins-vertical-gardens-and-city-stories/260.html]
[releaf.site/explain/chthulucene-and-solarpunk-working-together-greener-future/257.html]
[releaf.site/explain/green-walls-how-vertical-gardens-help-environment-and-you/255.html]
[releaf.site/explain/vertiflow-affordable-and-eco-friendly-alternative-las-bush-walls/253.html]
[releaf.site/explain/zilker-park-model-community-integration-austin/246.html]
[releaf.site/lyrics/vertiflow-flow/240.html]
[releaf.site/explain/join-releaf-transforming-garbage-eco-friendly-solutions/231.html]
[releaf.site/explain/invite-birds-your-backyard-vertical-garden-feeder/228.html]
[releaf.site/explain/releaf-using-fungi-enhance-urban-gardens-and-sustainability/227.html]
[releaf.site/explain/releaf-turning-waste-beautiful-gardens-greener-city/223.html]
[releaf.site/explain/releaf-turning-waste-gardens-better-world/221.html]
[releaf.site/user/1/activity0b08.html]
[releaf.site/user/1/activityaf4d.html]
[releaf.site/explain/releaf-turning-trash-gardens-better-planet/219.html]
[releaf.site/explain/biomimicry-fractals-magic-plants/216.html]
[releaf.site/solarpunk-fiction/revolutionizing-waste-management-life-story-metadata-releafs-approach/210.html]
[releaf.site/explain/releaf-turning-trash-beautiful-gardens-responsible-recycling/211.html]
[releaf.site/explain/transforming-trash-treasure-releafs-innovative-clothing-recycling-solution/209.html]
[releaf.site/explain/students-austin-transform-trash-beautiful-eco-friendly-gardens/207.html]
[releaf.site/explain/how-make-aluminum-can-planter-your-plants/205.html]
[releaf.site/explain/diy-planters-how-make-your-own-recycled-items/203.html]
[releaf.site/explain/trash-magic-how-cali-transformed-austin-green-city/201.html]
[releaf.site/explain/releaf-helping-homeless-and-unemployed-people-create-gardens-and-jobs/199.html]
[releaf.site/explain/noras-story-making-beautiful-things-releaf-group/197.html]
[releaf.site/explain/releaf-using-computers-honest-storytelling-and-customer-satisfaction/195.html]
[releaf.site/explain/greenspeed-hybrid-cargo-bike-fast-eco-friendly-delivery-austin/193.html]
[releaf.site/explain/bringing-happiness-hospitals-special-imacs/191.html]
[releaf.site/explain/releaf-and-vegans-earth-and-friendship/189.html]
[releaf.site/explain/greening-austin-city-walls-become-gardens-environment/187.html]
[releaf.site/explain/green-modules-how-austin-texas-fighting-el-ninos-effects/185.html]
[releaf.site/explain/releaf-cooperative-brings-vertical-gardens-austin-elementary-schools/183.html]
[releaf.site/user/1/activity1448.html]
[releaf.site/user/1/activityc575.html]
[releaf.site/explain/releaf-founder-nora-plans-create-rainforest-austin/181.html]
[releaf.site/explain/support-fair-business-practices-releaf/179.html]
[releaf.site/explain/releaf-saving-money-and-environment-pretty-gardens/177.html]
[releaf.site/explain/releaf-fair-share-product-makers/175.html]
[releaf.site/explain/6-tips-better-gardening-confidence-leadership-and-learning/169.html]
[releaf.site/explain/releaf-making-world-better-through-nature-and-people/168.html]
[releaf.site/explain/discover-world-fiskadoro-and-releaf-austin/167.html]
[releaf.site/explain/understanding-connection-philosophy-david-bohm/166.html]
[releaf.site/explain/discovering-muellers-secrets-emorys-trail-adventures/165.html]
[releaf.site/explain/nature-inspired-art-austin-kids-create-beautiful-surprises/164.html]
[releaf.site/explain/magical-central-arianas-story-growing-books-and-bats/158.html]
[releaf.site/explain/old-man-elis-story-how-people-saved-earth/163.html]
[releaf.site/explain/biostack-superhero-secret-agent-growing-plants-cities/162.html]
[releaf.site/explain/diy-recycled-garden-how-make-vertical-planter/161.html]
[releaf.site/explain/riley-guano-collector-who-became-city-hero/160.html]
[releaf.site/explain/creating-musical-plant-wall-upcycled-trash-eco-friendly-project/159.html]
[releaf.site/explain/airgen-effect-nature-and-science-combine-electricity/157.html]
[releaf.site/explain/releafs-upcycled-gardens-sustainable-vision-pro-alternative-austin/156.html]
[releaf.site/user/1/activity235c.html]
[releaf.site/user/1/activityfdfa.html]
[releaf.site/user/1/activity1c8b.html]
[releaf.site/sites/default/files/js/js_-_122f3U5Yun1cXqu5oJIJOYbAMKJzXhiOKfVwJgsW4.js]
[releaf.site/cannabis/55.html]
[releaf.site/treaty-oak/56.html]
[releaf.site/article/revolutionizing-waste-comparative-look-releaf-and-happy-beetle/22.html]
[releaf.site/article/scaling-sustainability-green-walls/23.html]
[releaf.site/solarpunk-fiction/austins-enigmatic-cube-and-insect-architects/24.html]
[releaf.site/solarpunk-fiction/unseen-networks-unveiled-green-group-chat-austins-future/25.html]
[releaf.site/article/releaf-growing-beyond-green-walls-sustainable-ecosystems/26.html]
[releaf.site/article/releafs-cooperative-ethos-empowering-contributors-not-exploiting-them/27.html]
[releaf.site/article/down-earth-releaf-pragmatic-progress-over-cryptocurrency-hype/28.html]
[releaf.site/article/initial-design-questions-starting-irl-soon/35.html]
[releaf.site/user/102e4.html]
[releaf.site/article/serve-return-how-andy-roddick-brooklyn-decker-and-releaf-are-shaping-austins-sustainable-future/51.html]
[releaf.site/article/centralized-grids-distributed-power-releafs-resilient-vision-texas/57.html]
[releaf.site/user/19ba9.html]
[releaf.site/user/14658.html]
[releaf.site/sites/default/files/css/css_L2wJZIYhIpGLwxP6uNWfLoMjhq3_e3dwXxAeMoBjKZs.css]
[releaf.site/sites/default/files/css/css_j3Wc61DGQzlIBPstQaXUJHrSvDzbEdPmIyPu_184dlQ.css]
[releaf.site/permacomputing/174.html]
[releaf.site/el-nino/135.html]
[releaf.site/horticultural-modules/136.html]
[releaf.site/rainforest/133.html]
[releaf.site/systemic-corruption/130.html]
[releaf.site/empathy-interviews/89.html]
[releaf.site/natural-light/30.html]
[releaf.site/residential-conversion/31.html]
[releaf.site/closed-loop-system/27.html]
[releaf.site/natural-ventilation/32.html]
[releaf.site/inclusivity/147.html]
[releaf.site/ivory-billed-woodpecker/164.html]
[releaf.site/aluminum-can/152.html]
[releaf.site/data-dignity/128.html]
[releaf.site/pattern-language/75.html]
[releaf.site/vic-tandy/85.html]
[releaf.site/spatial-awareness/86.html]
[releaf.site/synchronicity/80.html]
[releaf.site/innovation/78.html]
[releaf.site/breakthrough/79.html]
[releaf.site/douglas-hofstadter/76.html]
[releaf.site/vernor-vinge/74.html]
[releaf.site/margaret-atwood/73.html]
[releaf.site/zero-waste-initiative/72.html]
[releaf.site/sites/default/files/css/css_lVsHMJ7qFwAWuyX1c6Fx3I1BjxF5zifafN5PFp3i6Vo.css]
[releaf.site/trash-magic-server/187.html]
[releaf.site/waller-creek/188.html]
[releaf.site/waste-land/67.html]
[releaf.site/institute/61.html]
[releaf.site/sites/default/files/css/css_5t1biM5wPU3FWhnq-fhaDRKszydh_MfLKuSMssqG5vA.css]
[releaf.site/rss.xml]
[releaf.site/sites/default/files/css/css_dXl6X0a53BejR5TrZLNY6Py6VyB5f0IQ_8EXt20hDQg.css]
[releaf.site/node02e4.html]
[releaf.site/node2679.html]
[releaf.site/node4658.html]
[releaf.site/node9ba9.html]
[releaf.site/nodefdb0.html]
[releaf.site/nodeaf4d.html]
[releaf.site/nodec575.html]
[releaf.site/node235c.html]
[releaf.site/node.html]
[releaf.site/richard-linklater/63.html]
[releaf.site/matthew-mcconaughey/64.html]
[releaf.site/boyhood/65.html]
[releaf.site/dazed-and-confused/66.html]
[releaf.site/lucia-athens/60.html]
[releaf.site/magician/91.html]
[releaf.site/ebb-and-flow/88.html]
[releaf.site/user/5/activity.html]
[releaf.site/sites/default/files/styles/thumbnail/public/pictures/2023-06/PXL_20230401_1253284912232.jpg]
[releaf.site/user/5.html]
[releaf.site/sites/default/files/img/IMG_7609.jpg]
[releaf.site/sites/default/files/styles/dalle/public/img/IMG_76091bed.jpg]
[releaf.site/mental-health/146.html]
[releaf.site/solarpunk-fiction/resilience-and-releaf-tale-triumph-amidst-trials/196.html]
[releaf.site/eli/116.html]
[releaf.site/interconnectedness/82.html]
[releaf.site/consciousness/83.html]
[releaf.site/holism/84.html]
[releaf.site/article/dance-consciousness-and-reality/75.html]
[releaf.site/french-cleat/81.html]
[releaf.site/how-to/how-upcycle-scrap-wood-french-cleat/74.html]
[releaf.site/sites/default/files/css/css_GI5MxWMy_RzGGZdktCHPQ4KJ4Phj1un_pmGh1gfQlko.css]
[releaf.site/skeletron.html]
[releaf.site/sites/default/files/img/IMG_7660.jpg]
[releaf.site/sites/default/files/styles/dalle/public/img/IMG_76607b16.jpg]
[releaf.site/plant-identification/102.html]
[releaf.site/hemlock/103.html]
[releaf.site/article/distinguishing-between-common-hedge-parsley-and-poison-hemlock-guide-identification/133.html]
[releaf.site/sites/default/files/img/IMG_7596.jpg]
[releaf.site/sites/default/files/styles/dalle/public/img/IMG_759693d3.jpg]
[releaf.site/solarpunk-fiction/creating-sustainable-and-fair-world-all/172.html]
[releaf.site/sites/default/files/img/9C06C843-8F11-495A-8E25-22AAA7196913_Original.jpg]
[releaf.site/sites/default/files/styles/dalle/public/img/9C06C843-8F11-495A-8E25-22AAA7196913_Original07c0.jpg]
[releaf.site/article/versatile-vertiflow-system-enables-eco-friendly-structures-walls-bridges-canopies-more/239.html]
[releaf.site/node/274.html]
[releaf.site/node/277.html]
[releaf.site/node/276.html]
[releaf.site/node/275.html]
[releaf.site/how-to/how-download-and-convert-dynamic-website-static-files/272.html]
[releaf.site/lyrics/releaf-revival/271.html]
[releaf.site/lyrics/rhythm-releaf-no-waste-flow/270.html]
[releaf.site/explain/accessible-and-sustainable-gardens-all-releaf/265.html]
[releaf.site/explain/green-pcs-automating-city-gardens-old-computers/263.html]
[releaf.site/explain/versatile-vertiflow-endless-possibilities-your-garden-design/238.html]
[releaf.site/explain/discover-austins-vertical-gardens-and-city-stories/260.html]
[releaf.site/explain/chthulucene-and-solarpunk-working-together-greener-future/257.html]
[releaf.site/explain/green-walls-how-vertical-gardens-help-environment-and-you/255.html]
[releaf.site/explain/vertiflow-affordable-and-eco-friendly-alternative-las-bush-walls/253.html]
[releaf.site/explain/zilker-park-model-community-integration-austin/246.html]
[releaf.site/lyrics/vertiflow-flow/240.html]
[releaf.site/explain/join-releaf-transforming-garbage-eco-friendly-solutions/231.html]
[releaf.site/explain/invite-birds-your-backyard-vertical-garden-feeder/228.html]
[releaf.site/explain/releaf-using-fungi-enhance-urban-gardens-and-sustainability/227.html]
[releaf.site/explain/releaf-turning-waste-beautiful-gardens-greener-city/223.html]
[releaf.site/explain/releaf-turning-waste-gardens-better-world/221.html]
[releaf.site/article/skills-based-approach-culture-change/69.html]
[releaf.site/user/1/activity0b08.html]
[releaf.site/explain/releaf-turning-trash-gardens-better-planet/219.html]
[releaf.site/explain/biomimicry-fractals-magic-plants/216.html]
[releaf.site/sites/default/files/img/IMG_7227.png]
[releaf.site/sites/default/files/styles/dalle/public/img/IMG_7227a68e.png]
[releaf.site/solarpunk-fiction/revolutionizing-waste-management-life-story-metadata-releafs-approach/210.html]
[releaf.site/explain/releaf-turning-trash-beautiful-gardens-responsible-recycling/211.html]
[releaf.site/explain/transforming-trash-treasure-releafs-innovative-clothing-recycling-solution/209.html]
[releaf.site/explain/students-austin-transform-trash-beautiful-eco-friendly-gardens/207.html]
[releaf.site/explain/how-make-aluminum-can-planter-your-plants/205.html]
[releaf.site/explain/diy-planters-how-make-your-own-recycled-items/203.html]
[releaf.site/explain/trash-magic-how-cali-transformed-austin-green-city/201.html]
[releaf.site/explain/releaf-helping-homeless-and-unemployed-people-create-gardens-and-jobs/199.html]
[releaf.site/explain/noras-story-making-beautiful-things-releaf-group/197.html]
[releaf.site/explain/releaf-using-computers-honest-storytelling-and-customer-satisfaction/195.html]
[releaf.site/explain/greenspeed-hybrid-cargo-bike-fast-eco-friendly-delivery-austin/193.html]
[releaf.site/explain/bringing-happiness-hospitals-special-imacs/191.html]
[releaf.site/explain/releaf-and-vegans-earth-and-friendship/189.html]
[releaf.site/explain/greening-austin-city-walls-become-gardens-environment/187.html]
[releaf.site/explain/green-modules-how-austin-texas-fighting-el-ninos-effects/185.html]
[releaf.site/explain/releaf-cooperative-brings-vertical-gardens-austin-elementary-schools/183.html]
[releaf.site/user/1/activity1448.html]
[releaf.site/explain/releaf-founder-nora-plans-create-rainforest-austin/181.html]
[releaf.site/explain/support-fair-business-practices-releaf/179.html]
[releaf.site/explain/releaf-saving-money-and-environment-pretty-gardens/177.html]
[releaf.site/explain/releaf-fair-share-product-makers/175.html]
[releaf.site/explain/6-tips-better-gardening-confidence-leadership-and-learning/169.html]
[releaf.site/explain/releaf-making-world-better-through-nature-and-people/168.html]
[releaf.site/explain/discover-world-fiskadoro-and-releaf-austin/167.html]
[releaf.site/explain/understanding-connection-philosophy-david-bohm/166.html]
[releaf.site/explain/discovering-muellers-secrets-emorys-trail-adventures/165.html]
[releaf.site/explain/nature-inspired-art-austin-kids-create-beautiful-surprises/164.html]
[releaf.site/explain/magical-central-arianas-story-growing-books-and-bats/158.html]
[releaf.site/explain/old-man-elis-story-how-people-saved-earth/163.html]
[releaf.site/explain/biostack-superhero-secret-agent-growing-plants-cities/162.html]
[releaf.site/explain/diy-recycled-garden-how-make-vertical-planter/161.html]
[releaf.site/explain/riley-guano-collector-who-became-city-hero/160.html]
[releaf.site/explain/creating-musical-plant-wall-upcycled-trash-eco-friendly-project/159.html]
[releaf.site/explain/airgen-effect-nature-and-science-combine-electricity/157.html]
[releaf.site/explain/releafs-upcycled-gardens-sustainable-vision-pro-alternative-austin/156.html]
[releaf.site/article/serve-return-how-andy-roddick-brooklyn-decker-and-releaf-are-shaping-austins-sustainable-future/51.html]
[releaf.site/article/centralized-grids-distributed-power-releafs-resilient-vision-texas/57.html]
[releaf.site/user/1fdb0.html]
[releaf.site/user/19ba9.html]
[releaf.site/sites/default/files/css/css_dXl6X0a53BejR5TrZLNY6Py6VyB5f0IQ_8EXt20hDQg.css]
[releaf.site/node02e4.html]
[releaf.site/node2679.html]
[releaf.site/node4658.html]
[releaf.site/node9ba9.html]
[releaf.site/nodefdb0.html]
[releaf.site/nodeaf4d.html]
[releaf.site/nodec575.html]
[releaf.site/node235c.html]
[releaf.site/user/5/activity.html]
[releaf.site/mental-health/146.html]
[releaf.site/interconnectedness/82.html]
[releaf.site/consciousness/83.html]
[releaf.site/holism/84.html]
[releaf.site/french-cleat/81.html]
[releaf.site/plant-identification/102.html]
[releaf.site/hemlock/103.html]
[releaf.site/article/skills-based-approach-culture-change/69.html]
[releaf.site/user/1af4d.html]
[releaf.site/user/1fdb0.html]
[releaf.site/user/1c575.html]
[releaf.site/user/1af4d.html]
[releaf.site/user/1235c.html]
[releaf.site/user/1c575.html]
[releaf.site/user/1fdfa.html]
[releaf.site/user/1235c.html]
[releaf.site/user/10b08.html]
[releaf.site/user/1fdfa.html]
[releaf.site/user/11448.html]
[releaf.site/user/10b08.html]
[releaf.site/user/11c8b.html]
[releaf.site/user/11448.html]
[releaf.site/user/1ce37.html]
[releaf.site/user/11c8b.html]
[releaf.site/user/18c93.html]
[releaf.site/user/1ce37.html]
[releaf.site/user/1a7f1.html]
[releaf.site/user/18c93.html]
[releaf.site/user/1a7f1.html]
